-- The C compiler identification is GNU 11.3.0
-- The CXX compiler identification is GNU 11.3.0
-- Detecting C compiler ABI info
-- Detecting C compiler ABI info - done
-- Check for working C compiler: /usr/bin/cc - skipped
-- Detecting C compile features
-- Detecting C compile features - done
-- Detecting CXX compiler ABI info
-- Detecting CXX compiler ABI info - done
-- Check for working CXX compiler: /usr/bin/c++ - skipped
-- Detecting CXX compile features
-- Detecting CXX compile features - done
-- Found ament_cmake: 1.3.3 (/opt/ros/humble/share/ament_cmake/cmake)
-- Found Python3: /usr/bin/python3.10 (found version "3.10.6") found components: Interpreter 
-- Found rclcpp: 16.0.3 (/opt/ros/humble/share/rclcpp/cmake)
-- Found rosidl_generator_c: 3.1.4 (/opt/ros/humble/share/rosidl_generator_c/cmake)
-- Found rosidl_adapter: 3.1.4 (/opt/ros/humble/share/rosidl_adapter/cmake)
-- Found rosidl_generator_cpp: 3.1.4 (/opt/ros/humble/share/rosidl_generator_cpp/cmake)
-- Using all available rosidl_typesupport_c: rosidl_typesupport_fastrtps_c;rosidl_typesupport_introspection_c
-- Using all available rosidl_typesupport_cpp: rosidl_typesupport_fastrtps_cpp;rosidl_typesupport_introspection_cpp
-- Found rmw_implementation_cmake: 6.1.1 (/opt/ros/humble/share/rmw_implementation_cmake/cmake)
-- Found rmw_cyclonedds_cpp: 1.3.4 (/opt/ros/humble/share/rmw_cyclonedds_cpp/cmake)
-- Using RMW implementation 'rmw_cyclonedds_cpp' as default
-- Looking for pthread.h
-- Looking for pthread.h - found
-- Performing Test CMAKE_HAVE_LIBC_PTHREAD
-- Performing Test CMAKE_HAVE_LIBC_PTHREAD - Success
-- Found Threads: TRUE  
-- Found rosidl_default_generators: 1.2.0 (/opt/ros/humble/share/rosidl_default_generators/cmake)
-- Found sensor_msgs: 4.2.3 (/opt/ros/humble/share/sensor_msgs/cmake)
-- Found OpenCV: /usr (found version "4.5.4") 
-- Found cv_bridge: 3.2.1 (/opt/ros/humble/share/cv_bridge/cmake)
-- Found ament_cmake_cppcheck: 0.12.5 (/opt/ros/humble/share/ament_cmake_cppcheck/cmake)
-- Found ament_cmake_cpplint: 0.12.5 (/opt/ros/humble/share/ament_cmake_cpplint/cmake)
-- Found ament_cmake_uncrustify: 0.12.5 (/opt/ros/humble/share/ament_cmake_uncrustify/cmake)
-- Found ament_cmake_ros: 0.10.0 (/opt/ros/humble/share/ament_cmake_ros/cmake)
-- Using all available rosidl_typesupport_c: rosidl_typesupport_fastrtps_c;rosidl_typesupport_introspection_c
-- Using all available rosidl_typesupport_cpp: rosidl_typesupport_fastrtps_cpp;rosidl_typesupport_introspection_cpp
-- Found PythonInterp: /usr/bin/python3 (found suitable version "3.10.6", minimum required is "3.6") 
-- Found python_cmake_module: 0.10.0 (/opt/ros/humble/share/python_cmake_module/cmake)
-- Found PythonLibs: /usr/lib/x86_64-linux-gnu/libpython3.10.so (found suitable version "3.10.6", minimum required is "3.5") 
-- Using PYTHON_EXECUTABLE: /usr/bin/python3
-- Using PYTHON_INCLUDE_DIRS: /usr/include/python3.10
-- Using PYTHON_LIBRARIES: /usr/lib/x86_64-linux-gnu/libpython3.10.so
-- Found PythonExtra: .so  
-- Found ament_cmake_flake8: 0.12.5 (/opt/ros/humble/share/ament_cmake_flake8/cmake)
-- Found ament_cmake_pep257: 0.12.5 (/opt/ros/humble/share/ament_cmake_pep257/cmake)
-- Configuring done
-- Generating done
-- Build files have been written to: /lclhome/plope113/ros2_cpp_ws/build/ros2_cpp_pkg
[  2%] [34m[1mGenerating C code for ROS interfaces[0m
[  4%] [34m[1mGenerating C++ code for ROS interfaces[0m
[  6%] [32mBuilding CXX object CMakeFiles/subscriber.dir/src/subscriber.cpp.o[0m
[ 11%] [32mBuilding CXX object CMakeFiles/subscriber_rpm.dir/src/subscriber_rpm.cpp.o[0m
[ 11%] [32mBuilding CXX object CMakeFiles/publisher.dir/src/publisher.cpp.o[0m
[ 13%] [32mBuilding CXX object CMakeFiles/publisher_rpm.dir/src/publisher_rpm.cpp.o[0m
[ 13%] Built target ament_cmake_python_copy_ros2_cpp_pkg
running egg_info
creating ros2_cpp_pkg.egg-info
writing ros2_cpp_pkg.egg-info/PKG-INFO
writing dependency_links to ros2_cpp_pkg.egg-info/dependency_links.txt
writing top-level names to ros2_cpp_pkg.egg-info/top_level.txt
writing manifest file 'ros2_cpp_pkg.egg-info/SOURCES.txt'
reading manifest file 'ros2_cpp_pkg.egg-info/SOURCES.txt'
writing manifest file 'ros2_cpp_pkg.egg-info/SOURCES.txt'
[ 13%] Built target ament_cmake_python_build_ros2_cpp_pkg_egg
[ 13%] Built target ros2_cpp_pkg__cpp
[ 20%] [34m[1mGenerating C++ type support dispatch for ROS interfaces[0m
[ 20%] [34m[1mGenerating C++ type support for eProsima Fast-RTPS[0m
[ 20%] [34m[1mGenerating C++ introspection for ROS interfaces[0m
[ 23%] [32mBuilding C object CMakeFiles/ros2_cpp_pkg__rosidl_generator_c.dir/rosidl_generator_c/ros2_cpp_pkg/srv/detail/odd_even_check__functions.c.o[0m
[ 25%] [32m[1mLinking C shared library libros2_cpp_pkg__rosidl_generator_c.so[0m
[ 25%] Built target ros2_cpp_pkg__rosidl_generator_c
[ 27%] [34m[1mGenerating C type support for eProsima Fast-RTPS[0m
[ 30%] [32mBuilding CXX object CMakeFiles/ros2_cpp_pkg__rosidl_typesupport_cpp.dir/rosidl_typesupport_cpp/ros2_cpp_pkg/srv/odd_even_check__type_support.cpp.o[0m
[ 32%] [32mBuilding CXX object CMakeFiles/ros2_cpp_pkg__rosidl_typesupport_introspection_cpp.dir/rosidl_typesupport_introspection_cpp/ros2_cpp_pkg/srv/detail/odd_even_check__type_support.cpp.o[0m
[ 34%] [32mBuilding CXX object CMakeFiles/ros2_cpp_pkg__rosidl_typesupport_fastrtps_cpp.dir/rosidl_typesupport_fastrtps_cpp/ros2_cpp_pkg/srv/detail/dds_fastrtps/odd_even_check__type_support.cpp.o[0m
[ 37%] [32mBuilding CXX object CMakeFiles/ros2_cpp_pkg__rosidl_typesupport_fastrtps_c.dir/rosidl_typesupport_fastrtps_c/ros2_cpp_pkg/srv/detail/odd_even_check__type_support_c.cpp.o[0m
[ 39%] [32m[1mLinking CXX shared library libros2_cpp_pkg__rosidl_typesupport_cpp.so[0m
[ 39%] Built target ros2_cpp_pkg__rosidl_typesupport_cpp
[ 41%] [34m[1mGenerating C introspection for ROS interfaces[0m
[ 44%] [32m[1mLinking CXX shared library libros2_cpp_pkg__rosidl_typesupport_introspection_cpp.so[0m
[ 46%] [32m[1mLinking CXX shared library libros2_cpp_pkg__rosidl_typesupport_fastrtps_cpp.so[0m
[ 46%] Built target ros2_cpp_pkg__rosidl_typesupport_introspection_cpp
[ 48%] [34m[1mGenerating C type support dispatch for ROS interfaces[0m
[ 48%] Built target ros2_cpp_pkg__rosidl_typesupport_fastrtps_cpp
[ 51%] [32m[1mLinking CXX shared library libros2_cpp_pkg__rosidl_typesupport_fastrtps_c.so[0m
[ 53%] [32mBuilding CXX object CMakeFiles/service_server.dir/src/service_server.cpp.o[0m
[ 53%] Built target ros2_cpp_pkg__rosidl_typesupport_fastrtps_c
[ 55%] [32mBuilding C object CMakeFiles/ros2_cpp_pkg__rosidl_typesupport_introspection_c.dir/rosidl_typesupport_introspection_c/ros2_cpp_pkg/srv/detail/odd_even_check__type_support.c.o[0m
[ 58%] [32mBuilding CXX object CMakeFiles/service_client.dir/src/service_client.cpp.o[0m
[ 60%] [32m[1mLinking C shared library libros2_cpp_pkg__rosidl_typesupport_introspection_c.so[0m
[ 60%] Built target ros2_cpp_pkg__rosidl_typesupport_introspection_c
[ 62%] [32mBuilding CXX object CMakeFiles/ros2_cpp_pkg__rosidl_typesupport_c.dir/rosidl_typesupport_c/ros2_cpp_pkg/srv/odd_even_check__type_support.cpp.o[0m
[ 65%] [32m[1mLinking CXX shared library libros2_cpp_pkg__rosidl_typesupport_c.so[0m
[ 65%] Built target ros2_cpp_pkg__rosidl_typesupport_c
[ 65%] Built target ros2_cpp_pkg
[ 67%] [34m[1mGenerating Python code for ROS interfaces[0m
[ 67%] Built target ros2_cpp_pkg__py
[ 69%] [32mBuilding C object CMakeFiles/ros2_cpp_pkg__rosidl_generator_py.dir/rosidl_generator_py/ros2_cpp_pkg/srv/_odd_even_check_s.c.o[0m
[ 72%] [32m[1mLinking C shared library rosidl_generator_py/ros2_cpp_pkg/libros2_cpp_pkg__rosidl_generator_py.so[0m
[ 72%] Built target ros2_cpp_pkg__rosidl_generator_py
[ 74%] [32mBuilding C object CMakeFiles/ros2_cpp_pkg__rosidl_typesupport_fastrtps_c__pyext.dir/rosidl_generator_py/ros2_cpp_pkg/_ros2_cpp_pkg_s.ep.rosidl_typesupport_fastrtps_c.c.o[0m
[ 76%] [32mBuilding C object CMakeFiles/ros2_cpp_pkg__rosidl_typesupport_introspection_c__pyext.dir/rosidl_generator_py/ros2_cpp_pkg/_ros2_cpp_pkg_s.ep.rosidl_typesupport_introspection_c.c.o[0m
[ 79%] [32m[1mLinking C shared library rosidl_generator_py/ros2_cpp_pkg/ros2_cpp_pkg_s__rosidl_typesupport_introspection_c.cpython-310-x86_64-linux-gnu.so[0m
[ 81%] [32m[1mLinking C shared library rosidl_generator_py/ros2_cpp_pkg/ros2_cpp_pkg_s__rosidl_typesupport_fastrtps_c.cpython-310-x86_64-linux-gnu.so[0m
[ 81%] Built target ros2_cpp_pkg__rosidl_typesupport_introspection_c__pyext
[ 81%] Built target ros2_cpp_pkg__rosidl_typesupport_fastrtps_c__pyext
[ 83%] [32mBuilding C object CMakeFiles/ros2_cpp_pkg__rosidl_typesupport_c__pyext.dir/rosidl_generator_py/ros2_cpp_pkg/_ros2_cpp_pkg_s.ep.rosidl_typesupport_c.c.o[0m
[ 86%] [32m[1mLinking C shared library rosidl_generator_py/ros2_cpp_pkg/ros2_cpp_pkg_s__rosidl_typesupport_c.cpython-310-x86_64-linux-gnu.so[0m
[ 86%] Built target ros2_cpp_pkg__rosidl_typesupport_c__pyext
[ 88%] [32m[1mLinking CXX executable service_client[0m
[ 88%] Built target service_client
[ 90%] [32m[1mLinking CXX executable publisher[0m
[ 93%] [32m[1mLinking CXX executable publisher_rpm[0m
[ 93%] Built target publisher_rpm
[ 93%] Built target publisher
[ 95%] [32m[1mLinking CXX executable service_server[0m
[ 95%] Built target service_server
[ 97%] [32m[1mLinking CXX executable subscriber[0m
[ 97%] Built target subscriber
[100%] [32m[1mLinking CXX executable subscriber_rpm[0m
[100%] Built target subscriber_rpm
-- Install configuration: ""
-- Installing: /lclhome/plope113/ros2_cpp_ws/install/ros2_cpp_pkg/share/ament_index/resource_index/rosidl_interfaces/ros2_cpp_pkg
-- Installing: /lclhome/plope113/ros2_cpp_ws/install/ros2_cpp_pkg/include/ros2_cpp_pkg/ros2_cpp_pkg
-- Installing: /lclhome/plope113/ros2_cpp_ws/install/ros2_cpp_pkg/include/ros2_cpp_pkg/ros2_cpp_pkg/msg
-- Installing: /lclhome/plope113/ros2_cpp_ws/install/ros2_cpp_pkg/include/ros2_cpp_pkg/ros2_cpp_pkg/msg/rosidl_generator_c__visibility_control.h
-- Installing: /lclhome/plope113/ros2_cpp_ws/install/ros2_cpp_pkg/include/ros2_cpp_pkg/ros2_cpp_pkg/srv
-- Installing: /lclhome/plope113/ros2_cpp_ws/install/ros2_cpp_pkg/include/ros2_cpp_pkg/ros2_cpp_pkg/srv/odd_even_check.h
-- Installing: /lclhome/plope113/ros2_cpp_ws/install/ros2_cpp_pkg/include/ros2_cpp_pkg/ros2_cpp_pkg/srv/detail
-- Installing: /lclhome/plope113/ros2_cpp_ws/install/ros2_cpp_pkg/include/ros2_cpp_pkg/ros2_cpp_pkg/srv/detail/odd_even_check__struct.h
-- Installing: /lclhome/plope113/ros2_cpp_ws/install/ros2_cpp_pkg/include/ros2_cpp_pkg/ros2_cpp_pkg/srv/detail/odd_even_check__functions.c
-- Installing: /lclhome/plope113/ros2_cpp_ws/install/ros2_cpp_pkg/include/ros2_cpp_pkg/ros2_cpp_pkg/srv/detail/odd_even_check__functions.h
-- Installing: /lclhome/plope113/ros2_cpp_ws/install/ros2_cpp_pkg/include/ros2_cpp_pkg/ros2_cpp_pkg/srv/detail/odd_even_check__type_support.h
-- Installing: /lclhome/plope113/ros2_cpp_ws/install/ros2_cpp_pkg/share/ros2_cpp_pkg/environment/library_path.sh
-- Installing: /lclhome/plope113/ros2_cpp_ws/install/ros2_cpp_pkg/share/ros2_cpp_pkg/environment/library_path.dsv
-- Installing: /lclhome/plope113/ros2_cpp_ws/install/ros2_cpp_pkg/lib/libros2_cpp_pkg__rosidl_generator_c.so
-- Set runtime path of "/lclhome/plope113/ros2_cpp_ws/install/ros2_cpp_pkg/lib/libros2_cpp_pkg__rosidl_generator_c.so" to ""
-- Up-to-date: /lclhome/plope113/ros2_cpp_ws/install/ros2_cpp_pkg/include/ros2_cpp_pkg/ros2_cpp_pkg
-- Up-to-date: /lclhome/plope113/ros2_cpp_ws/install/ros2_cpp_pkg/include/ros2_cpp_pkg/ros2_cpp_pkg/msg
-- Installing: /lclhome/plope113/ros2_cpp_ws/install/ros2_cpp_pkg/include/ros2_cpp_pkg/ros2_cpp_pkg/msg/rosidl_typesupport_fastrtps_c__visibility_control.h
-- Up-to-date: /lclhome/plope113/ros2_cpp_ws/install/ros2_cpp_pkg/include/ros2_cpp_pkg/ros2_cpp_pkg/srv
-- Up-to-date: /lclhome/plope113/ros2_cpp_ws/install/ros2_cpp_pkg/include/ros2_cpp_pkg/ros2_cpp_pkg/srv/detail
-- Installing: /lclhome/plope113/ros2_cpp_ws/install/ros2_cpp_pkg/include/ros2_cpp_pkg/ros2_cpp_pkg/srv/detail/odd_even_check__rosidl_typesupport_fastrtps_c.h
-- Installing: /lclhome/plope113/ros2_cpp_ws/install/ros2_cpp_pkg/lib/libros2_cpp_pkg__rosidl_typesupport_fastrtps_c.so
-- Set runtime path of "/lclhome/plope113/ros2_cpp_ws/install/ros2_cpp_pkg/lib/libros2_cpp_pkg__rosidl_typesupport_fastrtps_c.so" to ""
-- Up-to-date: /lclhome/plope113/ros2_cpp_ws/install/ros2_cpp_pkg/include/ros2_cpp_pkg/ros2_cpp_pkg
-- Up-to-date: /lclhome/plope113/ros2_cpp_ws/install/ros2_cpp_pkg/include/ros2_cpp_pkg/ros2_cpp_pkg/srv
-- Installing: /lclhome/plope113/ros2_cpp_ws/install/ros2_cpp_pkg/include/ros2_cpp_pkg/ros2_cpp_pkg/srv/odd_even_check.hpp
-- Up-to-date: /lclhome/plope113/ros2_cpp_ws/install/ros2_cpp_pkg/include/ros2_cpp_pkg/ros2_cpp_pkg/srv/detail
-- Installing: /lclhome/plope113/ros2_cpp_ws/install/ros2_cpp_pkg/include/ros2_cpp_pkg/ros2_cpp_pkg/srv/detail/odd_even_check__struct.hpp
-- Installing: /lclhome/plope113/ros2_cpp_ws/install/ros2_cpp_pkg/include/ros2_cpp_pkg/ros2_cpp_pkg/srv/detail/odd_even_check__builder.hpp
-- Installing: /lclhome/plope113/ros2_cpp_ws/install/ros2_cpp_pkg/include/ros2_cpp_pkg/ros2_cpp_pkg/srv/detail/odd_even_check__traits.hpp
-- Up-to-date: /lclhome/plope113/ros2_cpp_ws/install/ros2_cpp_pkg/include/ros2_cpp_pkg/ros2_cpp_pkg
-- Up-to-date: /lclhome/plope113/ros2_cpp_ws/install/ros2_cpp_pkg/include/ros2_cpp_pkg/ros2_cpp_pkg/msg
-- Installing: /lclhome/plope113/ros2_cpp_ws/install/ros2_cpp_pkg/include/ros2_cpp_pkg/ros2_cpp_pkg/msg/rosidl_typesupport_fastrtps_cpp__visibility_control.h
-- Up-to-date: /lclhome/plope113/ros2_cpp_ws/install/ros2_cpp_pkg/include/ros2_cpp_pkg/ros2_cpp_pkg/srv
-- Up-to-date: /lclhome/plope113/ros2_cpp_ws/install/ros2_cpp_pkg/include/ros2_cpp_pkg/ros2_cpp_pkg/srv/detail
-- Installing: /lclhome/plope113/ros2_cpp_ws/install/ros2_cpp_pkg/include/ros2_cpp_pkg/ros2_cpp_pkg/srv/detail/dds_fastrtps
-- Installing: /lclhome/plope113/ros2_cpp_ws/install/ros2_cpp_pkg/include/ros2_cpp_pkg/ros2_cpp_pkg/srv/detail/odd_even_check__rosidl_typesupport_fastrtps_cpp.hpp
-- Installing: /lclhome/plope113/ros2_cpp_ws/install/ros2_cpp_pkg/lib/libros2_cpp_pkg__rosidl_typesupport_fastrtps_cpp.so
-- Set runtime path of "/lclhome/plope113/ros2_cpp_ws/install/ros2_cpp_pkg/lib/libros2_cpp_pkg__rosidl_typesupport_fastrtps_cpp.so" to ""
-- Up-to-date: /lclhome/plope113/ros2_cpp_ws/install/ros2_cpp_pkg/include/ros2_cpp_pkg/ros2_cpp_pkg
-- Up-to-date: /lclhome/plope113/ros2_cpp_ws/install/ros2_cpp_pkg/include/ros2_cpp_pkg/ros2_cpp_pkg/msg
-- Installing: /lclhome/plope113/ros2_cpp_ws/install/ros2_cpp_pkg/include/ros2_cpp_pkg/ros2_cpp_pkg/msg/rosidl_typesupport_introspection_c__visibility_control.h
-- Up-to-date: /lclhome/plope113/ros2_cpp_ws/install/ros2_cpp_pkg/include/ros2_cpp_pkg/ros2_cpp_pkg/srv
-- Up-to-date: /lclhome/plope113/ros2_cpp_ws/install/ros2_cpp_pkg/include/ros2_cpp_pkg/ros2_cpp_pkg/srv/detail
-- Installing: /lclhome/plope113/ros2_cpp_ws/install/ros2_cpp_pkg/include/ros2_cpp_pkg/ros2_cpp_pkg/srv/detail/odd_even_check__rosidl_typesupport_introspection_c.h
-- Installing: /lclhome/plope113/ros2_cpp_ws/install/ros2_cpp_pkg/include/ros2_cpp_pkg/ros2_cpp_pkg/srv/detail/odd_even_check__type_support.c
-- Installing: /lclhome/plope113/ros2_cpp_ws/install/ros2_cpp_pkg/lib/libros2_cpp_pkg__rosidl_typesupport_introspection_c.so
-- Set runtime path of "/lclhome/plope113/ros2_cpp_ws/install/ros2_cpp_pkg/lib/libros2_cpp_pkg__rosidl_typesupport_introspection_c.so" to ""
-- Installing: /lclhome/plope113/ros2_cpp_ws/install/ros2_cpp_pkg/lib/libros2_cpp_pkg__rosidl_typesupport_c.so
-- Set runtime path of "/lclhome/plope113/ros2_cpp_ws/install/ros2_cpp_pkg/lib/libros2_cpp_pkg__rosidl_typesupport_c.so" to ""
-- Up-to-date: /lclhome/plope113/ros2_cpp_ws/install/ros2_cpp_pkg/include/ros2_cpp_pkg/ros2_cpp_pkg
-- Up-to-date: /lclhome/plope113/ros2_cpp_ws/install/ros2_cpp_pkg/include/ros2_cpp_pkg/ros2_cpp_pkg/srv
-- Up-to-date: /lclhome/plope113/ros2_cpp_ws/install/ros2_cpp_pkg/include/ros2_cpp_pkg/ros2_cpp_pkg/srv/detail
-- Installing: /lclhome/plope113/ros2_cpp_ws/install/ros2_cpp_pkg/include/ros2_cpp_pkg/ros2_cpp_pkg/srv/detail/odd_even_check__type_support.cpp
-- Installing: /lclhome/plope113/ros2_cpp_ws/install/ros2_cpp_pkg/include/ros2_cpp_pkg/ros2_cpp_pkg/srv/detail/odd_even_check__rosidl_typesupport_introspection_cpp.hpp
-- Installing: /lclhome/plope113/ros2_cpp_ws/install/ros2_cpp_pkg/lib/libros2_cpp_pkg__rosidl_typesupport_introspection_cpp.so
-- Set runtime path of "/lclhome/plope113/ros2_cpp_ws/install/ros2_cpp_pkg/lib/libros2_cpp_pkg__rosidl_typesupport_introspection_cpp.so" to ""
-- Installing: /lclhome/plope113/ros2_cpp_ws/install/ros2_cpp_pkg/lib/libros2_cpp_pkg__rosidl_typesupport_cpp.so
-- Set runtime path of "/lclhome/plope113/ros2_cpp_ws/install/ros2_cpp_pkg/lib/libros2_cpp_pkg__rosidl_typesupport_cpp.so" to ""
-- Installing: /lclhome/plope113/ros2_cpp_ws/install/ros2_cpp_pkg/share/ros2_cpp_pkg/environment/pythonpath.sh
-- Installing: /lclhome/plope113/ros2_cpp_ws/install/ros2_cpp_pkg/share/ros2_cpp_pkg/environment/pythonpath.dsv
-- Installing: /lclhome/plope113/ros2_cpp_ws/install/ros2_cpp_pkg/local/lib/python3.10/dist-packages/ros2_cpp_pkg-0.0.0-py3.10.egg-info
-- Installing: /lclhome/plope113/ros2_cpp_ws/install/ros2_cpp_pkg/local/lib/python3.10/dist-packages/ros2_cpp_pkg-0.0.0-py3.10.egg-info/top_level.txt
-- Installing: /lclhome/plope113/ros2_cpp_ws/install/ros2_cpp_pkg/local/lib/python3.10/dist-packages/ros2_cpp_pkg-0.0.0-py3.10.egg-info/dependency_links.txt
-- Installing: /lclhome/plope113/ros2_cpp_ws/install/ros2_cpp_pkg/local/lib/python3.10/dist-packages/ros2_cpp_pkg-0.0.0-py3.10.egg-info/PKG-INFO
-- Installing: /lclhome/plope113/ros2_cpp_ws/install/ros2_cpp_pkg/local/lib/python3.10/dist-packages/ros2_cpp_pkg-0.0.0-py3.10.egg-info/SOURCES.txt
-- Installing: /lclhome/plope113/ros2_cpp_ws/install/ros2_cpp_pkg/local/lib/python3.10/dist-packages/ros2_cpp_pkg
-- Installing: /lclhome/plope113/ros2_cpp_ws/install/ros2_cpp_pkg/local/lib/python3.10/dist-packages/ros2_cpp_pkg/ros2_cpp_pkg_s__rosidl_typesupport_c.cpython-310-x86_64-linux-gnu.so
-- Installing: /lclhome/plope113/ros2_cpp_ws/install/ros2_cpp_pkg/local/lib/python3.10/dist-packages/ros2_cpp_pkg/srv
-- Installing: /lclhome/plope113/ros2_cpp_ws/install/ros2_cpp_pkg/local/lib/python3.10/dist-packages/ros2_cpp_pkg/srv/_odd_even_check.py
-- Installing: /lclhome/plope113/ros2_cpp_ws/install/ros2_cpp_pkg/local/lib/python3.10/dist-packages/ros2_cpp_pkg/srv/__init__.py
-- Installing: /lclhome/plope113/ros2_cpp_ws/install/ros2_cpp_pkg/local/lib/python3.10/dist-packages/ros2_cpp_pkg/srv/_odd_even_check_s.c
-- Installing: /lclhome/plope113/ros2_cpp_ws/install/ros2_cpp_pkg/local/lib/python3.10/dist-packages/ros2_cpp_pkg/_ros2_cpp_pkg_s.ep.rosidl_typesupport_fastrtps_c.c
-- Installing: /lclhome/plope113/ros2_cpp_ws/install/ros2_cpp_pkg/local/lib/python3.10/dist-packages/ros2_cpp_pkg/ros2_cpp_pkg_s__rosidl_typesupport_introspection_c.cpython-310-x86_64-linux-gnu.so
-- Installing: /lclhome/plope113/ros2_cpp_ws/install/ros2_cpp_pkg/local/lib/python3.10/dist-packages/ros2_cpp_pkg/ros2_cpp_pkg_s__rosidl_typesupport_fastrtps_c.cpython-310-x86_64-linux-gnu.so
-- Installing: /lclhome/plope113/ros2_cpp_ws/install/ros2_cpp_pkg/local/lib/python3.10/dist-packages/ros2_cpp_pkg/__init__.py
-- Installing: /lclhome/plope113/ros2_cpp_ws/install/ros2_cpp_pkg/local/lib/python3.10/dist-packages/ros2_cpp_pkg/_ros2_cpp_pkg_s.ep.rosidl_typesupport_introspection_c.c
-- Installing: /lclhome/plope113/ros2_cpp_ws/install/ros2_cpp_pkg/local/lib/python3.10/dist-packages/ros2_cpp_pkg/_ros2_cpp_pkg_s.ep.rosidl_typesupport_c.c
-- Installing: /lclhome/plope113/ros2_cpp_ws/install/ros2_cpp_pkg/local/lib/python3.10/dist-packages/ros2_cpp_pkg/libros2_cpp_pkg__rosidl_generator_py.so
Listing '/lclhome/plope113/ros2_cpp_ws/install/ros2_cpp_pkg/local/lib/python3.10/dist-packages/ros2_cpp_pkg'...
Compiling '/lclhome/plope113/ros2_cpp_ws/install/ros2_cpp_pkg/local/lib/python3.10/dist-packages/ros2_cpp_pkg/__init__.py'...
Listing '/lclhome/plope113/ros2_cpp_ws/install/ros2_cpp_pkg/local/lib/python3.10/dist-packages/ros2_cpp_pkg/srv'...
Compiling '/lclhome/plope113/ros2_cpp_ws/install/ros2_cpp_pkg/local/lib/python3.10/dist-packages/ros2_cpp_pkg/srv/__init__.py'...
Compiling '/lclhome/plope113/ros2_cpp_ws/install/ros2_cpp_pkg/local/lib/python3.10/dist-packages/ros2_cpp_pkg/srv/_odd_even_check.py'...
-- Installing: /lclhome/plope113/ros2_cpp_ws/install/ros2_cpp_pkg/local/lib/python3.10/dist-packages/ros2_cpp_pkg/ros2_cpp_pkg_s__rosidl_typesupport_fastrtps_c.cpython-310-x86_64-linux-gnu.so
-- Set runtime path of "/lclhome/plope113/ros2_cpp_ws/install/ros2_cpp_pkg/local/lib/python3.10/dist-packages/ros2_cpp_pkg/ros2_cpp_pkg_s__rosidl_typesupport_fastrtps_c.cpython-310-x86_64-linux-gnu.so" to ""
-- Installing: /lclhome/plope113/ros2_cpp_ws/install/ros2_cpp_pkg/local/lib/python3.10/dist-packages/ros2_cpp_pkg/ros2_cpp_pkg_s__rosidl_typesupport_introspection_c.cpython-310-x86_64-linux-gnu.so
-- Set runtime path of "/lclhome/plope113/ros2_cpp_ws/install/ros2_cpp_pkg/local/lib/python3.10/dist-packages/ros2_cpp_pkg/ros2_cpp_pkg_s__rosidl_typesupport_introspection_c.cpython-310-x86_64-linux-gnu.so" to ""
-- Installing: /lclhome/plope113/ros2_cpp_ws/install/ros2_cpp_pkg/local/lib/python3.10/dist-packages/ros2_cpp_pkg/ros2_cpp_pkg_s__rosidl_typesupport_c.cpython-310-x86_64-linux-gnu.so
-- Set runtime path of "/lclhome/plope113/ros2_cpp_ws/install/ros2_cpp_pkg/local/lib/python3.10/dist-packages/ros2_cpp_pkg/ros2_cpp_pkg_s__rosidl_typesupport_c.cpython-310-x86_64-linux-gnu.so" to ""
-- Installing: /lclhome/plope113/ros2_cpp_ws/install/ros2_cpp_pkg/lib/libros2_cpp_pkg__rosidl_generator_py.so
-- Set runtime path of "/lclhome/plope113/ros2_cpp_ws/install/ros2_cpp_pkg/lib/libros2_cpp_pkg__rosidl_generator_py.so" to ""
-- Installing: /lclhome/plope113/ros2_cpp_ws/install/ros2_cpp_pkg/share/ros2_cpp_pkg/srv/OddEvenCheck.idl
-- Installing: /lclhome/plope113/ros2_cpp_ws/install/ros2_cpp_pkg/share/ros2_cpp_pkg/srv/OddEvenCheck.srv
-- Installing: /lclhome/plope113/ros2_cpp_ws/install/ros2_cpp_pkg/share/ros2_cpp_pkg/srv/OddEvenCheck_Request.msg
-- Installing: /lclhome/plope113/ros2_cpp_ws/install/ros2_cpp_pkg/share/ros2_cpp_pkg/srv/OddEvenCheck_Response.msg
-- Installing: /lclhome/plope113/ros2_cpp_ws/install/ros2_cpp_pkg/lib/ros2_cpp_pkg/publisher
-- Set runtime path of "/lclhome/plope113/ros2_cpp_ws/install/ros2_cpp_pkg/lib/ros2_cpp_pkg/publisher" to ""
-- Installing: /lclhome/plope113/ros2_cpp_ws/install/ros2_cpp_pkg/lib/ros2_cpp_pkg/subscriber
-- Set runtime path of "/lclhome/plope113/ros2_cpp_ws/install/ros2_cpp_pkg/lib/ros2_cpp_pkg/subscriber" to ""
-- Installing: /lclhome/plope113/ros2_cpp_ws/install/ros2_cpp_pkg/lib/ros2_cpp_pkg/publisher_rpm
-- Set runtime path of "/lclhome/plope113/ros2_cpp_ws/install/ros2_cpp_pkg/lib/ros2_cpp_pkg/publisher_rpm" to ""
-- Installing: /lclhome/plope113/ros2_cpp_ws/install/ros2_cpp_pkg/lib/ros2_cpp_pkg/subscriber_rpm
-- Set runtime path of "/lclhome/plope113/ros2_cpp_ws/install/ros2_cpp_pkg/lib/ros2_cpp_pkg/subscriber_rpm" to ""
-- Installing: /lclhome/plope113/ros2_cpp_ws/install/ros2_cpp_pkg/lib/ros2_cpp_pkg/service_server
-- Set runtime path of "/lclhome/plope113/ros2_cpp_ws/install/ros2_cpp_pkg/lib/ros2_cpp_pkg/service_server" to ""
-- Installing: /lclhome/plope113/ros2_cpp_ws/install/ros2_cpp_pkg/lib/ros2_cpp_pkg/service_client
-- Set runtime path of "/lclhome/plope113/ros2_cpp_ws/install/ros2_cpp_pkg/lib/ros2_cpp_pkg/service_client" to ""
-- Installing: /lclhome/plope113/ros2_cpp_ws/install/ros2_cpp_pkg/share/ros2_cpp_pkg/launch
-- Installing: /lclhome/plope113/ros2_cpp_ws/install/ros2_cpp_pkg/share/ros2_cpp_pkg/launch/rpm_node.launch.py
-- Installing: /lclhome/plope113/ros2_cpp_ws/install/ros2_cpp_pkg/share/ament_index/resource_index/package_run_dependencies/ros2_cpp_pkg
-- Installing: /lclhome/plope113/ros2_cpp_ws/install/ros2_cpp_pkg/share/ament_index/resource_index/parent_prefix_path/ros2_cpp_pkg
-- Installing: /lclhome/plope113/ros2_cpp_ws/install/ros2_cpp_pkg/share/ros2_cpp_pkg/environment/ament_prefix_path.sh
-- Installing: /lclhome/plope113/ros2_cpp_ws/install/ros2_cpp_pkg/share/ros2_cpp_pkg/environment/ament_prefix_path.dsv
-- Installing: /lclhome/plope113/ros2_cpp_ws/install/ros2_cpp_pkg/share/ros2_cpp_pkg/environment/path.sh
-- Installing: /lclhome/plope113/ros2_cpp_ws/install/ros2_cpp_pkg/share/ros2_cpp_pkg/environment/path.dsv
-- Installing: /lclhome/plope113/ros2_cpp_ws/install/ros2_cpp_pkg/share/ros2_cpp_pkg/local_setup.bash
-- Installing: /lclhome/plope113/ros2_cpp_ws/install/ros2_cpp_pkg/share/ros2_cpp_pkg/local_setup.sh
-- Installing: /lclhome/plope113/ros2_cpp_ws/install/ros2_cpp_pkg/share/ros2_cpp_pkg/local_setup.zsh
-- Installing: /lclhome/plope113/ros2_cpp_ws/install/ros2_cpp_pkg/share/ros2_cpp_pkg/local_setup.dsv
-- Installing: /lclhome/plope113/ros2_cpp_ws/install/ros2_cpp_pkg/share/ros2_cpp_pkg/package.dsv
-- Installing: /lclhome/plope113/ros2_cpp_ws/install/ros2_cpp_pkg/share/ament_index/resource_index/packages/ros2_cpp_pkg
-- Installing: /lclhome/plope113/ros2_cpp_ws/install/ros2_cpp_pkg/share/ros2_cpp_pkg/cmake/export_ros2_cpp_pkg__rosidl_generator_cExport.cmake
-- Installing: /lclhome/plope113/ros2_cpp_ws/install/ros2_cpp_pkg/share/ros2_cpp_pkg/cmake/export_ros2_cpp_pkg__rosidl_generator_cExport-noconfig.cmake
-- Installing: /lclhome/plope113/ros2_cpp_ws/install/ros2_cpp_pkg/share/ros2_cpp_pkg/cmake/export_ros2_cpp_pkg__rosidl_typesupport_fastrtps_cExport.cmake
-- Installing: /lclhome/plope113/ros2_cpp_ws/install/ros2_cpp_pkg/share/ros2_cpp_pkg/cmake/export_ros2_cpp_pkg__rosidl_typesupport_fastrtps_cExport-noconfig.cmake
-- Installing: /lclhome/plope113/ros2_cpp_ws/install/ros2_cpp_pkg/share/ros2_cpp_pkg/cmake/export_ros2_cpp_pkg__rosidl_generator_cppExport.cmake
-- Installing: /lclhome/plope113/ros2_cpp_ws/install/ros2_cpp_pkg/share/ros2_cpp_pkg/cmake/export_ros2_cpp_pkg__rosidl_typesupport_fastrtps_cppExport.cmake
-- Installing: /lclhome/plope113/ros2_cpp_ws/install/ros2_cpp_pkg/share/ros2_cpp_pkg/cmake/export_ros2_cpp_pkg__rosidl_typesupport_fastrtps_cppExport-noconfig.cmake
-- Installing: /lclhome/plope113/ros2_cpp_ws/install/ros2_cpp_pkg/share/ros2_cpp_pkg/cmake/ros2_cpp_pkg__rosidl_typesupport_introspection_cExport.cmake
-- Installing: /lclhome/plope113/ros2_cpp_ws/install/ros2_cpp_pkg/share/ros2_cpp_pkg/cmake/ros2_cpp_pkg__rosidl_typesupport_introspection_cExport-noconfig.cmake
-- Installing: /lclhome/plope113/ros2_cpp_ws/install/ros2_cpp_pkg/share/ros2_cpp_pkg/cmake/ros2_cpp_pkg__rosidl_typesupport_cExport.cmake
-- Installing: /lclhome/plope113/ros2_cpp_ws/install/ros2_cpp_pkg/share/ros2_cpp_pkg/cmake/ros2_cpp_pkg__rosidl_typesupport_cExport-noconfig.cmake
-- Installing: /lclhome/plope113/ros2_cpp_ws/install/ros2_cpp_pkg/share/ros2_cpp_pkg/cmake/ros2_cpp_pkg__rosidl_typesupport_introspection_cppExport.cmake
-- Installing: /lclhome/plope113/ros2_cpp_ws/install/ros2_cpp_pkg/share/ros2_cpp_pkg/cmake/ros2_cpp_pkg__rosidl_typesupport_introspection_cppExport-noconfig.cmake
-- Installing: /lclhome/plope113/ros2_cpp_ws/install/ros2_cpp_pkg/share/ros2_cpp_pkg/cmake/ros2_cpp_pkg__rosidl_typesupport_cppExport.cmake
-- Installing: /lclhome/plope113/ros2_cpp_ws/install/ros2_cpp_pkg/share/ros2_cpp_pkg/cmake/ros2_cpp_pkg__rosidl_typesupport_cppExport-noconfig.cmake
-- Installing: /lclhome/plope113/ros2_cpp_ws/install/ros2_cpp_pkg/share/ros2_cpp_pkg/cmake/export_ros2_cpp_pkg__rosidl_generator_pyExport.cmake
-- Installing: /lclhome/plope113/ros2_cpp_ws/install/ros2_cpp_pkg/share/ros2_cpp_pkg/cmake/export_ros2_cpp_pkg__rosidl_generator_pyExport-noconfig.cmake
-- Installing: /lclhome/plope113/ros2_cpp_ws/install/ros2_cpp_pkg/share/ros2_cpp_pkg/cmake/rosidl_cmake-extras.cmake
-- Installing: /lclhome/plope113/ros2_cpp_ws/install/ros2_cpp_pkg/share/ros2_cpp_pkg/cmake/ament_cmake_export_dependencies-extras.cmake
-- Installing: /lclhome/plope113/ros2_cpp_ws/install/ros2_cpp_pkg/share/ros2_cpp_pkg/cmake/ament_cmake_export_include_directories-extras.cmake
-- Installing: /lclhome/plope113/ros2_cpp_ws/install/ros2_cpp_pkg/share/ros2_cpp_pkg/cmake/ament_cmake_export_libraries-extras.cmake
-- Installing: /lclhome/plope113/ros2_cpp_ws/install/ros2_cpp_pkg/share/ros2_cpp_pkg/cmake/ament_cmake_export_targets-extras.cmake
-- Installing: /lclhome/plope113/ros2_cpp_ws/install/ros2_cpp_pkg/share/ros2_cpp_pkg/cmake/rosidl_cmake_export_typesupport_targets-extras.cmake
-- Installing: /lclhome/plope113/ros2_cpp_ws/install/ros2_cpp_pkg/share/ros2_cpp_pkg/cmake/rosidl_cmake_export_typesupport_libraries-extras.cmake
-- Installing: /lclhome/plope113/ros2_cpp_ws/install/ros2_cpp_pkg/share/ros2_cpp_pkg/cmake/ros2_cpp_pkgConfig.cmake
-- Installing: /lclhome/plope113/ros2_cpp_ws/install/ros2_cpp_pkg/share/ros2_cpp_pkg/cmake/ros2_cpp_pkgConfig-version.cmake
-- Installing: /lclhome/plope113/ros2_cpp_ws/install/ros2_cpp_pkg/share/ros2_cpp_pkg/package.xml
