[0.014s] Invoking command in '/lclhome/plope113/ros2_cpp_ws/build/ros2_cpp_pkg': CMAKE_PREFIX_PATH=${CMAKE_PREFIX_PATH}:/lclhome/plope113/ros2_ws/install/turtlesim_project:/lclhome/plope113/ros2_ws/install/my_py_pkg:/lclhome/plope113/ros2_ws/install/my_robot_controller:/lclhome/plope113/ros2_misc_ws/install/articulated_robotics_youtube:/lclhome/plope113/rpi_bot_ws/install/vison_rpi_bot:/lclhome/plope113/rpi_bot_ws/install/vision_rpi_bot:/opt/ros/humble /usr/bin/cmake /lclhome/plope113/ros2_cpp_ws/ros2_cpp_pkg -DCMAKE_INSTALL_PREFIX=/lclhome/plope113/ros2_cpp_ws/install/ros2_cpp_pkg
[0.058s] -- The C compiler identification is GNU 11.3.0
[0.105s] -- The CXX compiler identification is GNU 11.3.0
[0.111s] -- Detecting C compiler ABI info
[0.164s] -- Detecting C compiler ABI info - done
[0.170s] -- Check for working C compiler: /usr/bin/cc - skipped
[0.170s] -- Detecting C compile features
[0.171s] -- Detecting C compile features - done
[0.173s] -- Detecting CXX compiler ABI info
[0.236s] -- Detecting CXX compiler ABI info - done
[0.242s] -- Check for working CXX compiler: /usr/bin/c++ - skipped
[0.243s] -- Detecting CXX compile features
[0.243s] -- Detecting CXX compile features - done
[0.246s] -- Found ament_cmake: 1.3.3 (/opt/ros/humble/share/ament_cmake/cmake)
[0.394s] -- Found Python3: /usr/bin/python3.10 (found version "3.10.6") found components: Interpreter 
[0.482s] -- Found rclcpp: 16.0.3 (/opt/ros/humble/share/rclcpp/cmake)
[0.539s] -- Found rosidl_generator_c: 3.1.4 (/opt/ros/humble/share/rosidl_generator_c/cmake)
[0.545s] -- Found rosidl_adapter: 3.1.4 (/opt/ros/humble/share/rosidl_adapter/cmake)
[0.554s] -- Found rosidl_generator_cpp: 3.1.4 (/opt/ros/humble/share/rosidl_generator_cpp/cmake)
[0.568s] -- Using all available rosidl_typesupport_c: rosidl_typesupport_fastrtps_c;rosidl_typesupport_introspection_c
[0.588s] -- Using all available rosidl_typesupport_cpp: rosidl_typesupport_fastrtps_cpp;rosidl_typesupport_introspection_cpp
[0.658s] -- Found rmw_implementation_cmake: 6.1.1 (/opt/ros/humble/share/rmw_implementation_cmake/cmake)
[0.661s] -- Found rmw_cyclonedds_cpp: 1.3.4 (/opt/ros/humble/share/rmw_cyclonedds_cpp/cmake)
[0.696s] -- Using RMW implementation 'rmw_cyclonedds_cpp' as default
[0.707s] -- Looking for pthread.h
[0.762s] -- Looking for pthread.h - found
[0.763s] -- Performing Test CMAKE_HAVE_LIBC_PTHREAD
[0.819s] -- Performing Test CMAKE_HAVE_LIBC_PTHREAD - Success
[0.820s] -- Found Threads: TRUE  
[0.969s] -- Found rosidl_default_generators: 1.2.0 (/opt/ros/humble/share/rosidl_default_generators/cmake)
[0.980s] -- Found sensor_msgs: 4.2.3 (/opt/ros/humble/share/sensor_msgs/cmake)
[1.112s] -- Found OpenCV: /usr (found version "4.5.4") 
[1.115s] -- Found cv_bridge: 3.2.1 (/opt/ros/humble/share/cv_bridge/cmake)
[1.370s] -- Found ament_cmake_cppcheck: 0.12.5 (/opt/ros/humble/share/ament_cmake_cppcheck/cmake)
[1.373s] -- Found ament_cmake_cpplint: 0.12.5 (/opt/ros/humble/share/ament_cmake_cpplint/cmake)
[1.376s] -- Found ament_cmake_uncrustify: 0.12.5 (/opt/ros/humble/share/ament_cmake_uncrustify/cmake)
[1.379s] -- Found ament_cmake_ros: 0.10.0 (/opt/ros/humble/share/ament_cmake_ros/cmake)
[1.785s] -- Using all available rosidl_typesupport_c: rosidl_typesupport_fastrtps_c;rosidl_typesupport_introspection_c
[1.945s] -- Using all available rosidl_typesupport_cpp: rosidl_typesupport_fastrtps_cpp;rosidl_typesupport_introspection_cpp
[1.966s] -- Found PythonInterp: /usr/bin/python3 (found suitable version "3.10.6", minimum required is "3.6") 
[1.968s] -- Found python_cmake_module: 0.10.0 (/opt/ros/humble/share/python_cmake_module/cmake)
[1.991s] -- Found PythonLibs: /usr/lib/x86_64-linux-gnu/libpython3.10.so (found suitable version "3.10.6", minimum required is "3.5") 
[1.992s] -- Using PYTHON_EXECUTABLE: /usr/bin/python3
[1.992s] -- Using PYTHON_INCLUDE_DIRS: /usr/include/python3.10
[1.992s] -- Using PYTHON_LIBRARIES: /usr/lib/x86_64-linux-gnu/libpython3.10.so
[2.010s] -- Found PythonExtra: .so  
[2.081s] -- Found ament_cmake_flake8: 0.12.5 (/opt/ros/humble/share/ament_cmake_flake8/cmake)
[2.083s] -- Found ament_cmake_pep257: 0.12.5 (/opt/ros/humble/share/ament_cmake_pep257/cmake)
[2.095s] -- Configuring done
[2.140s] -- Generating done
[2.142s] -- Build files have been written to: /lclhome/plope113/ros2_cpp_ws/build/ros2_cpp_pkg
[2.152s] Invoked command in '/lclhome/plope113/ros2_cpp_ws/build/ros2_cpp_pkg' returned '0': CMAKE_PREFIX_PATH=${CMAKE_PREFIX_PATH}:/lclhome/plope113/ros2_ws/install/turtlesim_project:/lclhome/plope113/ros2_ws/install/my_py_pkg:/lclhome/plope113/ros2_ws/install/my_robot_controller:/lclhome/plope113/ros2_misc_ws/install/articulated_robotics_youtube:/lclhome/plope113/rpi_bot_ws/install/vison_rpi_bot:/lclhome/plope113/rpi_bot_ws/install/vision_rpi_bot:/opt/ros/humble /usr/bin/cmake /lclhome/plope113/ros2_cpp_ws/ros2_cpp_pkg -DCMAKE_INSTALL_PREFIX=/lclhome/plope113/ros2_cpp_ws/install/ros2_cpp_pkg
[2.154s] Invoking command in '/lclhome/plope113/ros2_cpp_ws/build/ros2_cpp_pkg': CMAKE_PREFIX_PATH=${CMAKE_PREFIX_PATH}:/lclhome/plope113/ros2_ws/install/turtlesim_project:/lclhome/plope113/ros2_ws/install/my_py_pkg:/lclhome/plope113/ros2_ws/install/my_robot_controller:/lclhome/plope113/ros2_misc_ws/install/articulated_robotics_youtube:/lclhome/plope113/rpi_bot_ws/install/vison_rpi_bot:/lclhome/plope113/rpi_bot_ws/install/vision_rpi_bot:/opt/ros/humble /usr/bin/cmake --build /lclhome/plope113/ros2_cpp_ws/build/ros2_cpp_pkg -- -j8 -l8
[2.188s] [  2%] [34m[1mGenerating C code for ROS interfaces[0m
[2.197s] [  4%] [34m[1mGenerating C++ code for ROS interfaces[0m
[2.197s] [  6%] [32mBuilding CXX object CMakeFiles/subscriber.dir/src/subscriber.cpp.o[0m
[2.199s] [ 11%] [32mBuilding CXX object CMakeFiles/subscriber_rpm.dir/src/subscriber_rpm.cpp.o[0m
[2.199s] [ 11%] [32mBuilding CXX object CMakeFiles/publisher.dir/src/publisher.cpp.o[0m
[2.199s] [ 13%] [32mBuilding CXX object CMakeFiles/publisher_rpm.dir/src/publisher_rpm.cpp.o[0m
[2.208s] [ 13%] Built target ament_cmake_python_copy_ros2_cpp_pkg
[2.568s] running egg_info
[2.569s] creating ros2_cpp_pkg.egg-info
[2.569s] writing ros2_cpp_pkg.egg-info/PKG-INFO
[2.569s] writing dependency_links to ros2_cpp_pkg.egg-info/dependency_links.txt
[2.570s] writing top-level names to ros2_cpp_pkg.egg-info/top_level.txt
[2.570s] writing manifest file 'ros2_cpp_pkg.egg-info/SOURCES.txt'
[2.573s] reading manifest file 'ros2_cpp_pkg.egg-info/SOURCES.txt'
[2.573s] writing manifest file 'ros2_cpp_pkg.egg-info/SOURCES.txt'
[2.609s] [ 13%] Built target ament_cmake_python_build_ros2_cpp_pkg_egg
[2.642s] [ 13%] Built target ros2_cpp_pkg__cpp
[2.655s] [ 20%] [34m[1mGenerating C++ type support dispatch for ROS interfaces[0m
[2.655s] [ 20%] [34m[1mGenerating C++ type support for eProsima Fast-RTPS[0m
[2.656s] [ 20%] [34m[1mGenerating C++ introspection for ROS interfaces[0m
[2.726s] [ 23%] [32mBuilding C object CMakeFiles/ros2_cpp_pkg__rosidl_generator_c.dir/rosidl_generator_c/ros2_cpp_pkg/srv/detail/odd_even_check__functions.c.o[0m
[2.807s] [ 25%] [32m[1mLinking C shared library libros2_cpp_pkg__rosidl_generator_c.so[0m
[2.855s] [ 25%] Built target ros2_cpp_pkg__rosidl_generator_c
[2.869s] [ 27%] [34m[1mGenerating C type support for eProsima Fast-RTPS[0m
[3.049s] [ 30%] [32mBuilding CXX object CMakeFiles/ros2_cpp_pkg__rosidl_typesupport_cpp.dir/rosidl_typesupport_cpp/ros2_cpp_pkg/srv/odd_even_check__type_support.cpp.o[0m
[3.109s] [ 32%] [32mBuilding CXX object CMakeFiles/ros2_cpp_pkg__rosidl_typesupport_introspection_cpp.dir/rosidl_typesupport_introspection_cpp/ros2_cpp_pkg/srv/detail/odd_even_check__type_support.cpp.o[0m
[3.121s] [ 34%] [32mBuilding CXX object CMakeFiles/ros2_cpp_pkg__rosidl_typesupport_fastrtps_cpp.dir/rosidl_typesupport_fastrtps_cpp/ros2_cpp_pkg/srv/detail/dds_fastrtps/odd_even_check__type_support.cpp.o[0m
[3.325s] [ 37%] [32mBuilding CXX object CMakeFiles/ros2_cpp_pkg__rosidl_typesupport_fastrtps_c.dir/rosidl_typesupport_fastrtps_c/ros2_cpp_pkg/srv/detail/odd_even_check__type_support_c.cpp.o[0m
[3.430s] [ 39%] [32m[1mLinking CXX shared library libros2_cpp_pkg__rosidl_typesupport_cpp.so[0m
[3.486s] [ 39%] Built target ros2_cpp_pkg__rosidl_typesupport_cpp
[3.499s] [ 41%] [34m[1mGenerating C introspection for ROS interfaces[0m
[3.654s] [ 44%] [32m[1mLinking CXX shared library libros2_cpp_pkg__rosidl_typesupport_introspection_cpp.so[0m
[3.697s] [ 46%] [32m[1mLinking CXX shared library libros2_cpp_pkg__rosidl_typesupport_fastrtps_cpp.so[0m
[3.753s] [ 46%] Built target ros2_cpp_pkg__rosidl_typesupport_introspection_cpp
[3.766s] [ 48%] [34m[1mGenerating C type support dispatch for ROS interfaces[0m
[3.812s] [ 48%] Built target ros2_cpp_pkg__rosidl_typesupport_fastrtps_cpp
[3.817s] [ 51%] [32m[1mLinking CXX shared library libros2_cpp_pkg__rosidl_typesupport_fastrtps_c.so[0m
[3.836s] [ 53%] [32mBuilding CXX object CMakeFiles/service_server.dir/src/service_server.cpp.o[0m
[3.937s] [ 53%] Built target ros2_cpp_pkg__rosidl_typesupport_fastrtps_c
[3.949s] [ 55%] [32mBuilding C object CMakeFiles/ros2_cpp_pkg__rosidl_typesupport_introspection_c.dir/rosidl_typesupport_introspection_c/ros2_cpp_pkg/srv/detail/odd_even_check__type_support.c.o[0m
[3.962s] [ 58%] [32mBuilding CXX object CMakeFiles/service_client.dir/src/service_client.cpp.o[0m
[4.003s] [ 60%] [32m[1mLinking C shared library libros2_cpp_pkg__rosidl_typesupport_introspection_c.so[0m
[4.051s] [ 60%] Built target ros2_cpp_pkg__rosidl_typesupport_introspection_c
[4.159s] [ 62%] [32mBuilding CXX object CMakeFiles/ros2_cpp_pkg__rosidl_typesupport_c.dir/rosidl_typesupport_c/ros2_cpp_pkg/srv/odd_even_check__type_support.cpp.o[0m
[4.228s] [ 65%] [32m[1mLinking CXX shared library libros2_cpp_pkg__rosidl_typesupport_c.so[0m
[4.282s] [ 65%] Built target ros2_cpp_pkg__rosidl_typesupport_c
[4.306s] [ 65%] Built target ros2_cpp_pkg
[4.332s] [ 67%] [34m[1mGenerating Python code for ROS interfaces[0m
[4.960s] [ 67%] Built target ros2_cpp_pkg__py
[4.986s] [ 69%] [32mBuilding C object CMakeFiles/ros2_cpp_pkg__rosidl_generator_py.dir/rosidl_generator_py/ros2_cpp_pkg/srv/_odd_even_check_s.c.o[0m
[5.147s] [ 72%] [32m[1mLinking C shared library rosidl_generator_py/ros2_cpp_pkg/libros2_cpp_pkg__rosidl_generator_py.so[0m
[5.203s] [ 72%] Built target ros2_cpp_pkg__rosidl_generator_py
[5.227s] [ 74%] [32mBuilding C object CMakeFiles/ros2_cpp_pkg__rosidl_typesupport_fastrtps_c__pyext.dir/rosidl_generator_py/ros2_cpp_pkg/_ros2_cpp_pkg_s.ep.rosidl_typesupport_fastrtps_c.c.o[0m
[5.229s] [ 76%] [32mBuilding C object CMakeFiles/ros2_cpp_pkg__rosidl_typesupport_introspection_c__pyext.dir/rosidl_generator_py/ros2_cpp_pkg/_ros2_cpp_pkg_s.ep.rosidl_typesupport_introspection_c.c.o[0m
[5.378s] [ 79%] [32m[1mLinking C shared library rosidl_generator_py/ros2_cpp_pkg/ros2_cpp_pkg_s__rosidl_typesupport_introspection_c.cpython-310-x86_64-linux-gnu.so[0m
[5.382s] [ 81%] [32m[1mLinking C shared library rosidl_generator_py/ros2_cpp_pkg/ros2_cpp_pkg_s__rosidl_typesupport_fastrtps_c.cpython-310-x86_64-linux-gnu.so[0m
[5.435s] [ 81%] Built target ros2_cpp_pkg__rosidl_typesupport_introspection_c__pyext
[5.436s] [ 81%] Built target ros2_cpp_pkg__rosidl_typesupport_fastrtps_c__pyext
[5.460s] [ 83%] [32mBuilding C object CMakeFiles/ros2_cpp_pkg__rosidl_typesupport_c__pyext.dir/rosidl_generator_py/ros2_cpp_pkg/_ros2_cpp_pkg_s.ep.rosidl_typesupport_c.c.o[0m
[5.613s] [ 86%] [32m[1mLinking C shared library rosidl_generator_py/ros2_cpp_pkg/ros2_cpp_pkg_s__rosidl_typesupport_c.cpython-310-x86_64-linux-gnu.so[0m
[5.668s] [ 86%] Built target ros2_cpp_pkg__rosidl_typesupport_c__pyext
[7.798s] [ 88%] [32m[1mLinking CXX executable service_client[0m
[7.948s] [ 88%] Built target service_client
[8.129s] [ 90%] [32m[1mLinking CXX executable publisher[0m
[8.176s] [ 93%] [32m[1mLinking CXX executable publisher_rpm[0m
[8.401s] [ 93%] Built target publisher_rpm
[8.416s] [ 93%] Built target publisher
[8.474s] [ 95%] [32m[1mLinking CXX executable service_server[0m
[8.610s] [ 95%] Built target service_server
[10.682s] [ 97%] [32m[1mLinking CXX executable subscriber[0m
[10.996s] [ 97%] Built target subscriber
[11.548s] [100%] [32m[1mLinking CXX executable subscriber_rpm[0m
[11.845s] [100%] Built target subscriber_rpm
[11.855s] Invoked command in '/lclhome/plope113/ros2_cpp_ws/build/ros2_cpp_pkg' returned '0': CMAKE_PREFIX_PATH=${CMAKE_PREFIX_PATH}:/lclhome/plope113/ros2_ws/install/turtlesim_project:/lclhome/plope113/ros2_ws/install/my_py_pkg:/lclhome/plope113/ros2_ws/install/my_robot_controller:/lclhome/plope113/ros2_misc_ws/install/articulated_robotics_youtube:/lclhome/plope113/rpi_bot_ws/install/vison_rpi_bot:/lclhome/plope113/rpi_bot_ws/install/vision_rpi_bot:/opt/ros/humble /usr/bin/cmake --build /lclhome/plope113/ros2_cpp_ws/build/ros2_cpp_pkg -- -j8 -l8
[11.922s] Invoking command in '/lclhome/plope113/ros2_cpp_ws/build/ros2_cpp_pkg': CMAKE_PREFIX_PATH=${CMAKE_PREFIX_PATH}:/lclhome/plope113/ros2_ws/install/turtlesim_project:/lclhome/plope113/ros2_ws/install/my_py_pkg:/lclhome/plope113/ros2_ws/install/my_robot_controller:/lclhome/plope113/ros2_misc_ws/install/articulated_robotics_youtube:/lclhome/plope113/rpi_bot_ws/install/vison_rpi_bot:/lclhome/plope113/rpi_bot_ws/install/vision_rpi_bot:/opt/ros/humble /usr/bin/cmake --install /lclhome/plope113/ros2_cpp_ws/build/ros2_cpp_pkg
[11.928s] -- Install configuration: ""
[11.928s] -- Installing: /lclhome/plope113/ros2_cpp_ws/install/ros2_cpp_pkg/share/ament_index/resource_index/rosidl_interfaces/ros2_cpp_pkg
[11.928s] -- Installing: /lclhome/plope113/ros2_cpp_ws/install/ros2_cpp_pkg/include/ros2_cpp_pkg/ros2_cpp_pkg
[11.928s] -- Installing: /lclhome/plope113/ros2_cpp_ws/install/ros2_cpp_pkg/include/ros2_cpp_pkg/ros2_cpp_pkg/msg
[11.928s] -- Installing: /lclhome/plope113/ros2_cpp_ws/install/ros2_cpp_pkg/include/ros2_cpp_pkg/ros2_cpp_pkg/msg/rosidl_generator_c__visibility_control.h
[11.928s] -- Installing: /lclhome/plope113/ros2_cpp_ws/install/ros2_cpp_pkg/include/ros2_cpp_pkg/ros2_cpp_pkg/srv
[11.928s] -- Installing: /lclhome/plope113/ros2_cpp_ws/install/ros2_cpp_pkg/include/ros2_cpp_pkg/ros2_cpp_pkg/srv/odd_even_check.h
[11.928s] -- Installing: /lclhome/plope113/ros2_cpp_ws/install/ros2_cpp_pkg/include/ros2_cpp_pkg/ros2_cpp_pkg/srv/detail
[11.929s] -- Installing: /lclhome/plope113/ros2_cpp_ws/install/ros2_cpp_pkg/include/ros2_cpp_pkg/ros2_cpp_pkg/srv/detail/odd_even_check__struct.h
[11.929s] -- Installing: /lclhome/plope113/ros2_cpp_ws/install/ros2_cpp_pkg/include/ros2_cpp_pkg/ros2_cpp_pkg/srv/detail/odd_even_check__functions.c
[11.929s] -- Installing: /lclhome/plope113/ros2_cpp_ws/install/ros2_cpp_pkg/include/ros2_cpp_pkg/ros2_cpp_pkg/srv/detail/odd_even_check__functions.h
[11.929s] -- Installing: /lclhome/plope113/ros2_cpp_ws/install/ros2_cpp_pkg/include/ros2_cpp_pkg/ros2_cpp_pkg/srv/detail/odd_even_check__type_support.h
[11.929s] -- Installing: /lclhome/plope113/ros2_cpp_ws/install/ros2_cpp_pkg/share/ros2_cpp_pkg/environment/library_path.sh
[11.929s] -- Installing: /lclhome/plope113/ros2_cpp_ws/install/ros2_cpp_pkg/share/ros2_cpp_pkg/environment/library_path.dsv
[11.929s] -- Installing: /lclhome/plope113/ros2_cpp_ws/install/ros2_cpp_pkg/lib/libros2_cpp_pkg__rosidl_generator_c.so
[11.930s] -- Set runtime path of "/lclhome/plope113/ros2_cpp_ws/install/ros2_cpp_pkg/lib/libros2_cpp_pkg__rosidl_generator_c.so" to ""
[11.930s] -- Up-to-date: /lclhome/plope113/ros2_cpp_ws/install/ros2_cpp_pkg/include/ros2_cpp_pkg/ros2_cpp_pkg
[11.930s] -- Up-to-date: /lclhome/plope113/ros2_cpp_ws/install/ros2_cpp_pkg/include/ros2_cpp_pkg/ros2_cpp_pkg/msg
[11.930s] -- Installing: /lclhome/plope113/ros2_cpp_ws/install/ros2_cpp_pkg/include/ros2_cpp_pkg/ros2_cpp_pkg/msg/rosidl_typesupport_fastrtps_c__visibility_control.h
[11.930s] -- Up-to-date: /lclhome/plope113/ros2_cpp_ws/install/ros2_cpp_pkg/include/ros2_cpp_pkg/ros2_cpp_pkg/srv
[11.930s] -- Up-to-date: /lclhome/plope113/ros2_cpp_ws/install/ros2_cpp_pkg/include/ros2_cpp_pkg/ros2_cpp_pkg/srv/detail
[11.930s] -- Installing: /lclhome/plope113/ros2_cpp_ws/install/ros2_cpp_pkg/include/ros2_cpp_pkg/ros2_cpp_pkg/srv/detail/odd_even_check__rosidl_typesupport_fastrtps_c.h
[11.930s] -- Installing: /lclhome/plope113/ros2_cpp_ws/install/ros2_cpp_pkg/lib/libros2_cpp_pkg__rosidl_typesupport_fastrtps_c.so
[11.930s] -- Set runtime path of "/lclhome/plope113/ros2_cpp_ws/install/ros2_cpp_pkg/lib/libros2_cpp_pkg__rosidl_typesupport_fastrtps_c.so" to ""
[11.930s] -- Up-to-date: /lclhome/plope113/ros2_cpp_ws/install/ros2_cpp_pkg/include/ros2_cpp_pkg/ros2_cpp_pkg
[11.930s] -- Up-to-date: /lclhome/plope113/ros2_cpp_ws/install/ros2_cpp_pkg/include/ros2_cpp_pkg/ros2_cpp_pkg/srv
[11.931s] -- Installing: /lclhome/plope113/ros2_cpp_ws/install/ros2_cpp_pkg/include/ros2_cpp_pkg/ros2_cpp_pkg/srv/odd_even_check.hpp
[11.931s] -- Up-to-date: /lclhome/plope113/ros2_cpp_ws/install/ros2_cpp_pkg/include/ros2_cpp_pkg/ros2_cpp_pkg/srv/detail
[11.931s] -- Installing: /lclhome/plope113/ros2_cpp_ws/install/ros2_cpp_pkg/include/ros2_cpp_pkg/ros2_cpp_pkg/srv/detail/odd_even_check__struct.hpp
[11.931s] -- Installing: /lclhome/plope113/ros2_cpp_ws/install/ros2_cpp_pkg/include/ros2_cpp_pkg/ros2_cpp_pkg/srv/detail/odd_even_check__builder.hpp
[11.931s] -- Installing: /lclhome/plope113/ros2_cpp_ws/install/ros2_cpp_pkg/include/ros2_cpp_pkg/ros2_cpp_pkg/srv/detail/odd_even_check__traits.hpp
[11.931s] -- Up-to-date: /lclhome/plope113/ros2_cpp_ws/install/ros2_cpp_pkg/include/ros2_cpp_pkg/ros2_cpp_pkg
[11.931s] -- Up-to-date: /lclhome/plope113/ros2_cpp_ws/install/ros2_cpp_pkg/include/ros2_cpp_pkg/ros2_cpp_pkg/msg
[11.931s] -- Installing: /lclhome/plope113/ros2_cpp_ws/install/ros2_cpp_pkg/include/ros2_cpp_pkg/ros2_cpp_pkg/msg/rosidl_typesupport_fastrtps_cpp__visibility_control.h
[11.931s] -- Up-to-date: /lclhome/plope113/ros2_cpp_ws/install/ros2_cpp_pkg/include/ros2_cpp_pkg/ros2_cpp_pkg/srv
[11.931s] -- Up-to-date: /lclhome/plope113/ros2_cpp_ws/install/ros2_cpp_pkg/include/ros2_cpp_pkg/ros2_cpp_pkg/srv/detail
[11.931s] -- Installing: /lclhome/plope113/ros2_cpp_ws/install/ros2_cpp_pkg/include/ros2_cpp_pkg/ros2_cpp_pkg/srv/detail/dds_fastrtps
[11.931s] -- Installing: /lclhome/plope113/ros2_cpp_ws/install/ros2_cpp_pkg/include/ros2_cpp_pkg/ros2_cpp_pkg/srv/detail/odd_even_check__rosidl_typesupport_fastrtps_cpp.hpp
[11.931s] -- Installing: /lclhome/plope113/ros2_cpp_ws/install/ros2_cpp_pkg/lib/libros2_cpp_pkg__rosidl_typesupport_fastrtps_cpp.so
[11.932s] -- Set runtime path of "/lclhome/plope113/ros2_cpp_ws/install/ros2_cpp_pkg/lib/libros2_cpp_pkg__rosidl_typesupport_fastrtps_cpp.so" to ""
[11.932s] -- Up-to-date: /lclhome/plope113/ros2_cpp_ws/install/ros2_cpp_pkg/include/ros2_cpp_pkg/ros2_cpp_pkg
[11.932s] -- Up-to-date: /lclhome/plope113/ros2_cpp_ws/install/ros2_cpp_pkg/include/ros2_cpp_pkg/ros2_cpp_pkg/msg
[11.932s] -- Installing: /lclhome/plope113/ros2_cpp_ws/install/ros2_cpp_pkg/include/ros2_cpp_pkg/ros2_cpp_pkg/msg/rosidl_typesupport_introspection_c__visibility_control.h
[11.932s] -- Up-to-date: /lclhome/plope113/ros2_cpp_ws/install/ros2_cpp_pkg/include/ros2_cpp_pkg/ros2_cpp_pkg/srv
[11.932s] -- Up-to-date: /lclhome/plope113/ros2_cpp_ws/install/ros2_cpp_pkg/include/ros2_cpp_pkg/ros2_cpp_pkg/srv/detail
[11.932s] -- Installing: /lclhome/plope113/ros2_cpp_ws/install/ros2_cpp_pkg/include/ros2_cpp_pkg/ros2_cpp_pkg/srv/detail/odd_even_check__rosidl_typesupport_introspection_c.h
[11.932s] -- Installing: /lclhome/plope113/ros2_cpp_ws/install/ros2_cpp_pkg/include/ros2_cpp_pkg/ros2_cpp_pkg/srv/detail/odd_even_check__type_support.c
[11.932s] -- Installing: /lclhome/plope113/ros2_cpp_ws/install/ros2_cpp_pkg/lib/libros2_cpp_pkg__rosidl_typesupport_introspection_c.so
[11.933s] -- Set runtime path of "/lclhome/plope113/ros2_cpp_ws/install/ros2_cpp_pkg/lib/libros2_cpp_pkg__rosidl_typesupport_introspection_c.so" to ""
[11.933s] -- Installing: /lclhome/plope113/ros2_cpp_ws/install/ros2_cpp_pkg/lib/libros2_cpp_pkg__rosidl_typesupport_c.so
[11.933s] -- Set runtime path of "/lclhome/plope113/ros2_cpp_ws/install/ros2_cpp_pkg/lib/libros2_cpp_pkg__rosidl_typesupport_c.so" to ""
[11.933s] -- Up-to-date: /lclhome/plope113/ros2_cpp_ws/install/ros2_cpp_pkg/include/ros2_cpp_pkg/ros2_cpp_pkg
[11.933s] -- Up-to-date: /lclhome/plope113/ros2_cpp_ws/install/ros2_cpp_pkg/include/ros2_cpp_pkg/ros2_cpp_pkg/srv
[11.933s] -- Up-to-date: /lclhome/plope113/ros2_cpp_ws/install/ros2_cpp_pkg/include/ros2_cpp_pkg/ros2_cpp_pkg/srv/detail
[11.933s] -- Installing: /lclhome/plope113/ros2_cpp_ws/install/ros2_cpp_pkg/include/ros2_cpp_pkg/ros2_cpp_pkg/srv/detail/odd_even_check__type_support.cpp
[11.933s] -- Installing: /lclhome/plope113/ros2_cpp_ws/install/ros2_cpp_pkg/include/ros2_cpp_pkg/ros2_cpp_pkg/srv/detail/odd_even_check__rosidl_typesupport_introspection_cpp.hpp
[11.933s] -- Installing: /lclhome/plope113/ros2_cpp_ws/install/ros2_cpp_pkg/lib/libros2_cpp_pkg__rosidl_typesupport_introspection_cpp.so
[11.934s] -- Set runtime path of "/lclhome/plope113/ros2_cpp_ws/install/ros2_cpp_pkg/lib/libros2_cpp_pkg__rosidl_typesupport_introspection_cpp.so" to ""
[11.934s] -- Installing: /lclhome/plope113/ros2_cpp_ws/install/ros2_cpp_pkg/lib/libros2_cpp_pkg__rosidl_typesupport_cpp.so
[11.934s] -- Set runtime path of "/lclhome/plope113/ros2_cpp_ws/install/ros2_cpp_pkg/lib/libros2_cpp_pkg__rosidl_typesupport_cpp.so" to ""
[11.934s] -- Installing: /lclhome/plope113/ros2_cpp_ws/install/ros2_cpp_pkg/share/ros2_cpp_pkg/environment/pythonpath.sh
[11.934s] -- Installing: /lclhome/plope113/ros2_cpp_ws/install/ros2_cpp_pkg/share/ros2_cpp_pkg/environment/pythonpath.dsv
[11.934s] -- Installing: /lclhome/plope113/ros2_cpp_ws/install/ros2_cpp_pkg/local/lib/python3.10/dist-packages/ros2_cpp_pkg-0.0.0-py3.10.egg-info
[11.935s] -- Installing: /lclhome/plope113/ros2_cpp_ws/install/ros2_cpp_pkg/local/lib/python3.10/dist-packages/ros2_cpp_pkg-0.0.0-py3.10.egg-info/top_level.txt
[11.935s] -- Installing: /lclhome/plope113/ros2_cpp_ws/install/ros2_cpp_pkg/local/lib/python3.10/dist-packages/ros2_cpp_pkg-0.0.0-py3.10.egg-info/dependency_links.txt
[11.935s] -- Installing: /lclhome/plope113/ros2_cpp_ws/install/ros2_cpp_pkg/local/lib/python3.10/dist-packages/ros2_cpp_pkg-0.0.0-py3.10.egg-info/PKG-INFO
[11.935s] -- Installing: /lclhome/plope113/ros2_cpp_ws/install/ros2_cpp_pkg/local/lib/python3.10/dist-packages/ros2_cpp_pkg-0.0.0-py3.10.egg-info/SOURCES.txt
[11.935s] -- Installing: /lclhome/plope113/ros2_cpp_ws/install/ros2_cpp_pkg/local/lib/python3.10/dist-packages/ros2_cpp_pkg
[11.935s] -- Installing: /lclhome/plope113/ros2_cpp_ws/install/ros2_cpp_pkg/local/lib/python3.10/dist-packages/ros2_cpp_pkg/ros2_cpp_pkg_s__rosidl_typesupport_c.cpython-310-x86_64-linux-gnu.so
[11.935s] -- Installing: /lclhome/plope113/ros2_cpp_ws/install/ros2_cpp_pkg/local/lib/python3.10/dist-packages/ros2_cpp_pkg/srv
[11.935s] -- Installing: /lclhome/plope113/ros2_cpp_ws/install/ros2_cpp_pkg/local/lib/python3.10/dist-packages/ros2_cpp_pkg/srv/_odd_even_check.py
[11.935s] -- Installing: /lclhome/plope113/ros2_cpp_ws/install/ros2_cpp_pkg/local/lib/python3.10/dist-packages/ros2_cpp_pkg/srv/__init__.py
[11.935s] -- Installing: /lclhome/plope113/ros2_cpp_ws/install/ros2_cpp_pkg/local/lib/python3.10/dist-packages/ros2_cpp_pkg/srv/_odd_even_check_s.c
[11.935s] -- Installing: /lclhome/plope113/ros2_cpp_ws/install/ros2_cpp_pkg/local/lib/python3.10/dist-packages/ros2_cpp_pkg/_ros2_cpp_pkg_s.ep.rosidl_typesupport_fastrtps_c.c
[11.936s] -- Installing: /lclhome/plope113/ros2_cpp_ws/install/ros2_cpp_pkg/local/lib/python3.10/dist-packages/ros2_cpp_pkg/ros2_cpp_pkg_s__rosidl_typesupport_introspection_c.cpython-310-x86_64-linux-gnu.so
[11.936s] -- Installing: /lclhome/plope113/ros2_cpp_ws/install/ros2_cpp_pkg/local/lib/python3.10/dist-packages/ros2_cpp_pkg/ros2_cpp_pkg_s__rosidl_typesupport_fastrtps_c.cpython-310-x86_64-linux-gnu.so
[11.936s] -- Installing: /lclhome/plope113/ros2_cpp_ws/install/ros2_cpp_pkg/local/lib/python3.10/dist-packages/ros2_cpp_pkg/__init__.py
[11.936s] -- Installing: /lclhome/plope113/ros2_cpp_ws/install/ros2_cpp_pkg/local/lib/python3.10/dist-packages/ros2_cpp_pkg/_ros2_cpp_pkg_s.ep.rosidl_typesupport_introspection_c.c
[11.936s] -- Installing: /lclhome/plope113/ros2_cpp_ws/install/ros2_cpp_pkg/local/lib/python3.10/dist-packages/ros2_cpp_pkg/_ros2_cpp_pkg_s.ep.rosidl_typesupport_c.c
[11.936s] -- Installing: /lclhome/plope113/ros2_cpp_ws/install/ros2_cpp_pkg/local/lib/python3.10/dist-packages/ros2_cpp_pkg/libros2_cpp_pkg__rosidl_generator_py.so
[11.966s] Listing '/lclhome/plope113/ros2_cpp_ws/install/ros2_cpp_pkg/local/lib/python3.10/dist-packages/ros2_cpp_pkg'...
[11.966s] Compiling '/lclhome/plope113/ros2_cpp_ws/install/ros2_cpp_pkg/local/lib/python3.10/dist-packages/ros2_cpp_pkg/__init__.py'...
[11.966s] Listing '/lclhome/plope113/ros2_cpp_ws/install/ros2_cpp_pkg/local/lib/python3.10/dist-packages/ros2_cpp_pkg/srv'...
[11.966s] Compiling '/lclhome/plope113/ros2_cpp_ws/install/ros2_cpp_pkg/local/lib/python3.10/dist-packages/ros2_cpp_pkg/srv/__init__.py'...
[11.966s] Compiling '/lclhome/plope113/ros2_cpp_ws/install/ros2_cpp_pkg/local/lib/python3.10/dist-packages/ros2_cpp_pkg/srv/_odd_even_check.py'...
[11.970s] -- Installing: /lclhome/plope113/ros2_cpp_ws/install/ros2_cpp_pkg/local/lib/python3.10/dist-packages/ros2_cpp_pkg/ros2_cpp_pkg_s__rosidl_typesupport_fastrtps_c.cpython-310-x86_64-linux-gnu.so
[11.970s] -- Set runtime path of "/lclhome/plope113/ros2_cpp_ws/install/ros2_cpp_pkg/local/lib/python3.10/dist-packages/ros2_cpp_pkg/ros2_cpp_pkg_s__rosidl_typesupport_fastrtps_c.cpython-310-x86_64-linux-gnu.so" to ""
[11.970s] -- Installing: /lclhome/plope113/ros2_cpp_ws/install/ros2_cpp_pkg/local/lib/python3.10/dist-packages/ros2_cpp_pkg/ros2_cpp_pkg_s__rosidl_typesupport_introspection_c.cpython-310-x86_64-linux-gnu.so
[11.970s] -- Set runtime path of "/lclhome/plope113/ros2_cpp_ws/install/ros2_cpp_pkg/local/lib/python3.10/dist-packages/ros2_cpp_pkg/ros2_cpp_pkg_s__rosidl_typesupport_introspection_c.cpython-310-x86_64-linux-gnu.so" to ""
[11.971s] -- Installing: /lclhome/plope113/ros2_cpp_ws/install/ros2_cpp_pkg/local/lib/python3.10/dist-packages/ros2_cpp_pkg/ros2_cpp_pkg_s__rosidl_typesupport_c.cpython-310-x86_64-linux-gnu.so
[11.971s] -- Set runtime path of "/lclhome/plope113/ros2_cpp_ws/install/ros2_cpp_pkg/local/lib/python3.10/dist-packages/ros2_cpp_pkg/ros2_cpp_pkg_s__rosidl_typesupport_c.cpython-310-x86_64-linux-gnu.so" to ""
[11.971s] -- Installing: /lclhome/plope113/ros2_cpp_ws/install/ros2_cpp_pkg/lib/libros2_cpp_pkg__rosidl_generator_py.so
[11.971s] -- Set runtime path of "/lclhome/plope113/ros2_cpp_ws/install/ros2_cpp_pkg/lib/libros2_cpp_pkg__rosidl_generator_py.so" to ""
[11.972s] -- Installing: /lclhome/plope113/ros2_cpp_ws/install/ros2_cpp_pkg/share/ros2_cpp_pkg/srv/OddEvenCheck.idl
[11.972s] -- Installing: /lclhome/plope113/ros2_cpp_ws/install/ros2_cpp_pkg/share/ros2_cpp_pkg/srv/OddEvenCheck.srv
[11.972s] -- Installing: /lclhome/plope113/ros2_cpp_ws/install/ros2_cpp_pkg/share/ros2_cpp_pkg/srv/OddEvenCheck_Request.msg
[11.972s] -- Installing: /lclhome/plope113/ros2_cpp_ws/install/ros2_cpp_pkg/share/ros2_cpp_pkg/srv/OddEvenCheck_Response.msg
[11.972s] -- Installing: /lclhome/plope113/ros2_cpp_ws/install/ros2_cpp_pkg/lib/ros2_cpp_pkg/publisher
[11.973s] -- Set runtime path of "/lclhome/plope113/ros2_cpp_ws/install/ros2_cpp_pkg/lib/ros2_cpp_pkg/publisher" to ""
[11.973s] -- Installing: /lclhome/plope113/ros2_cpp_ws/install/ros2_cpp_pkg/lib/ros2_cpp_pkg/subscriber
[11.976s] -- Set runtime path of "/lclhome/plope113/ros2_cpp_ws/install/ros2_cpp_pkg/lib/ros2_cpp_pkg/subscriber" to ""
[11.976s] -- Installing: /lclhome/plope113/ros2_cpp_ws/install/ros2_cpp_pkg/lib/ros2_cpp_pkg/publisher_rpm
[11.977s] -- Set runtime path of "/lclhome/plope113/ros2_cpp_ws/install/ros2_cpp_pkg/lib/ros2_cpp_pkg/publisher_rpm" to ""
[11.977s] -- Installing: /lclhome/plope113/ros2_cpp_ws/install/ros2_cpp_pkg/lib/ros2_cpp_pkg/subscriber_rpm
[11.980s] -- Set runtime path of "/lclhome/plope113/ros2_cpp_ws/install/ros2_cpp_pkg/lib/ros2_cpp_pkg/subscriber_rpm" to ""
[11.980s] -- Installing: /lclhome/plope113/ros2_cpp_ws/install/ros2_cpp_pkg/lib/ros2_cpp_pkg/service_server
[11.981s] -- Set runtime path of "/lclhome/plope113/ros2_cpp_ws/install/ros2_cpp_pkg/lib/ros2_cpp_pkg/service_server" to ""
[11.981s] -- Installing: /lclhome/plope113/ros2_cpp_ws/install/ros2_cpp_pkg/lib/ros2_cpp_pkg/service_client
[11.982s] -- Set runtime path of "/lclhome/plope113/ros2_cpp_ws/install/ros2_cpp_pkg/lib/ros2_cpp_pkg/service_client" to ""
[11.982s] -- Installing: /lclhome/plope113/ros2_cpp_ws/install/ros2_cpp_pkg/share/ros2_cpp_pkg/launch
[11.982s] -- Installing: /lclhome/plope113/ros2_cpp_ws/install/ros2_cpp_pkg/share/ros2_cpp_pkg/launch/rpm_node.launch.py
[11.982s] -- Installing: /lclhome/plope113/ros2_cpp_ws/install/ros2_cpp_pkg/share/ament_index/resource_index/package_run_dependencies/ros2_cpp_pkg
[11.982s] -- Installing: /lclhome/plope113/ros2_cpp_ws/install/ros2_cpp_pkg/share/ament_index/resource_index/parent_prefix_path/ros2_cpp_pkg
[11.982s] -- Installing: /lclhome/plope113/ros2_cpp_ws/install/ros2_cpp_pkg/share/ros2_cpp_pkg/environment/ament_prefix_path.sh
[11.983s] -- Installing: /lclhome/plope113/ros2_cpp_ws/install/ros2_cpp_pkg/share/ros2_cpp_pkg/environment/ament_prefix_path.dsv
[11.983s] -- Installing: /lclhome/plope113/ros2_cpp_ws/install/ros2_cpp_pkg/share/ros2_cpp_pkg/environment/path.sh
[11.983s] -- Installing: /lclhome/plope113/ros2_cpp_ws/install/ros2_cpp_pkg/share/ros2_cpp_pkg/environment/path.dsv
[11.983s] -- Installing: /lclhome/plope113/ros2_cpp_ws/install/ros2_cpp_pkg/share/ros2_cpp_pkg/local_setup.bash
[11.983s] -- Installing: /lclhome/plope113/ros2_cpp_ws/install/ros2_cpp_pkg/share/ros2_cpp_pkg/local_setup.sh
[11.983s] -- Installing: /lclhome/plope113/ros2_cpp_ws/install/ros2_cpp_pkg/share/ros2_cpp_pkg/local_setup.zsh
[11.983s] -- Installing: /lclhome/plope113/ros2_cpp_ws/install/ros2_cpp_pkg/share/ros2_cpp_pkg/local_setup.dsv
[11.983s] -- Installing: /lclhome/plope113/ros2_cpp_ws/install/ros2_cpp_pkg/share/ros2_cpp_pkg/package.dsv
[11.983s] -- Installing: /lclhome/plope113/ros2_cpp_ws/install/ros2_cpp_pkg/share/ament_index/resource_index/packages/ros2_cpp_pkg
[11.984s] -- Installing: /lclhome/plope113/ros2_cpp_ws/install/ros2_cpp_pkg/share/ros2_cpp_pkg/cmake/export_ros2_cpp_pkg__rosidl_generator_cExport.cmake
[11.984s] -- Installing: /lclhome/plope113/ros2_cpp_ws/install/ros2_cpp_pkg/share/ros2_cpp_pkg/cmake/export_ros2_cpp_pkg__rosidl_generator_cExport-noconfig.cmake
[11.984s] -- Installing: /lclhome/plope113/ros2_cpp_ws/install/ros2_cpp_pkg/share/ros2_cpp_pkg/cmake/export_ros2_cpp_pkg__rosidl_typesupport_fastrtps_cExport.cmake
[11.984s] -- Installing: /lclhome/plope113/ros2_cpp_ws/install/ros2_cpp_pkg/share/ros2_cpp_pkg/cmake/export_ros2_cpp_pkg__rosidl_typesupport_fastrtps_cExport-noconfig.cmake
[11.984s] -- Installing: /lclhome/plope113/ros2_cpp_ws/install/ros2_cpp_pkg/share/ros2_cpp_pkg/cmake/export_ros2_cpp_pkg__rosidl_generator_cppExport.cmake
[11.984s] -- Installing: /lclhome/plope113/ros2_cpp_ws/install/ros2_cpp_pkg/share/ros2_cpp_pkg/cmake/export_ros2_cpp_pkg__rosidl_typesupport_fastrtps_cppExport.cmake
[11.984s] -- Installing: /lclhome/plope113/ros2_cpp_ws/install/ros2_cpp_pkg/share/ros2_cpp_pkg/cmake/export_ros2_cpp_pkg__rosidl_typesupport_fastrtps_cppExport-noconfig.cmake
[11.985s] -- Installing: /lclhome/plope113/ros2_cpp_ws/install/ros2_cpp_pkg/share/ros2_cpp_pkg/cmake/ros2_cpp_pkg__rosidl_typesupport_introspection_cExport.cmake
[11.985s] -- Installing: /lclhome/plope113/ros2_cpp_ws/install/ros2_cpp_pkg/share/ros2_cpp_pkg/cmake/ros2_cpp_pkg__rosidl_typesupport_introspection_cExport-noconfig.cmake
[11.985s] -- Installing: /lclhome/plope113/ros2_cpp_ws/install/ros2_cpp_pkg/share/ros2_cpp_pkg/cmake/ros2_cpp_pkg__rosidl_typesupport_cExport.cmake
[11.985s] -- Installing: /lclhome/plope113/ros2_cpp_ws/install/ros2_cpp_pkg/share/ros2_cpp_pkg/cmake/ros2_cpp_pkg__rosidl_typesupport_cExport-noconfig.cmake
[11.985s] -- Installing: /lclhome/plope113/ros2_cpp_ws/install/ros2_cpp_pkg/share/ros2_cpp_pkg/cmake/ros2_cpp_pkg__rosidl_typesupport_introspection_cppExport.cmake
[11.985s] -- Installing: /lclhome/plope113/ros2_cpp_ws/install/ros2_cpp_pkg/share/ros2_cpp_pkg/cmake/ros2_cpp_pkg__rosidl_typesupport_introspection_cppExport-noconfig.cmake
[11.985s] -- Installing: /lclhome/plope113/ros2_cpp_ws/install/ros2_cpp_pkg/share/ros2_cpp_pkg/cmake/ros2_cpp_pkg__rosidl_typesupport_cppExport.cmake
[11.985s] -- Installing: /lclhome/plope113/ros2_cpp_ws/install/ros2_cpp_pkg/share/ros2_cpp_pkg/cmake/ros2_cpp_pkg__rosidl_typesupport_cppExport-noconfig.cmake
[11.985s] -- Installing: /lclhome/plope113/ros2_cpp_ws/install/ros2_cpp_pkg/share/ros2_cpp_pkg/cmake/export_ros2_cpp_pkg__rosidl_generator_pyExport.cmake
[11.986s] -- Installing: /lclhome/plope113/ros2_cpp_ws/install/ros2_cpp_pkg/share/ros2_cpp_pkg/cmake/export_ros2_cpp_pkg__rosidl_generator_pyExport-noconfig.cmake
[11.986s] -- Installing: /lclhome/plope113/ros2_cpp_ws/install/ros2_cpp_pkg/share/ros2_cpp_pkg/cmake/rosidl_cmake-extras.cmake
[11.986s] -- Installing: /lclhome/plope113/ros2_cpp_ws/install/ros2_cpp_pkg/share/ros2_cpp_pkg/cmake/ament_cmake_export_dependencies-extras.cmake
[11.986s] -- Installing: /lclhome/plope113/ros2_cpp_ws/install/ros2_cpp_pkg/share/ros2_cpp_pkg/cmake/ament_cmake_export_include_directories-extras.cmake
[11.986s] -- Installing: /lclhome/plope113/ros2_cpp_ws/install/ros2_cpp_pkg/share/ros2_cpp_pkg/cmake/ament_cmake_export_libraries-extras.cmake
[11.986s] -- Installing: /lclhome/plope113/ros2_cpp_ws/install/ros2_cpp_pkg/share/ros2_cpp_pkg/cmake/ament_cmake_export_targets-extras.cmake
[11.986s] -- Installing: /lclhome/plope113/ros2_cpp_ws/install/ros2_cpp_pkg/share/ros2_cpp_pkg/cmake/rosidl_cmake_export_typesupport_targets-extras.cmake
[11.986s] -- Installing: /lclhome/plope113/ros2_cpp_ws/install/ros2_cpp_pkg/share/ros2_cpp_pkg/cmake/rosidl_cmake_export_typesupport_libraries-extras.cmake
[11.986s] -- Installing: /lclhome/plope113/ros2_cpp_ws/install/ros2_cpp_pkg/share/ros2_cpp_pkg/cmake/ros2_cpp_pkgConfig.cmake
[11.986s] -- Installing: /lclhome/plope113/ros2_cpp_ws/install/ros2_cpp_pkg/share/ros2_cpp_pkg/cmake/ros2_cpp_pkgConfig-version.cmake
[11.987s] -- Installing: /lclhome/plope113/ros2_cpp_ws/install/ros2_cpp_pkg/share/ros2_cpp_pkg/package.xml
[11.989s] Invoked command in '/lclhome/plope113/ros2_cpp_ws/build/ros2_cpp_pkg' returned '0': CMAKE_PREFIX_PATH=${CMAKE_PREFIX_PATH}:/lclhome/plope113/ros2_ws/install/turtlesim_project:/lclhome/plope113/ros2_ws/install/my_py_pkg:/lclhome/plope113/ros2_ws/install/my_robot_controller:/lclhome/plope113/ros2_misc_ws/install/articulated_robotics_youtube:/lclhome/plope113/rpi_bot_ws/install/vison_rpi_bot:/lclhome/plope113/rpi_bot_ws/install/vision_rpi_bot:/opt/ros/humble /usr/bin/cmake --install /lclhome/plope113/ros2_cpp_ws/build/ros2_cpp_pkg
